<?xml version="1.0" encoding="UTF-8"?>
<testsuite name="JavaToEditorTest" tests="1" skipped="0" failures="0" errors="0" timestamp="2016-07-27T15:03:46" hostname="Yulian-PC" time="0.003">
  <properties/>
  <testcase name="readinhelloworld" classname="JavaToEditorTest" time="0.003"/>
  <system-out><![CDATA[public class HelloWorld{
	public static void main(String[] args){
		System.out.println("Hello World!");
	}
}
]]></system-out>
  <system-err><![CDATA[]]></system-err>
</testsuite>
