<?xml version="1.0" encoding="UTF-8"?>
<testsuite name="PresetsetterTest" tests="7" skipped="0" failures="0" errors="0" timestamp="2016-07-27T15:03:46" hostname="Yulian-PC" time="0.002">
  <properties/>
  <testcase name="findclassname" classname="PresetsetterTest" time="0.001"/>
  <testcase name="findtestname" classname="PresetsetterTest" time="0.0"/>
  <testcase name="findatddvalue2" classname="PresetsetterTest" time="0.0"/>
  <testcase name="findatddvalue" classname="PresetsetterTest" time="0.0"/>
  <testcase name="calculatebabysteptime" classname="PresetsetterTest" time="0.0"/>
  <testcase name="findbabystepsvalue2" classname="PresetsetterTest" time="0.0"/>
  <testcase name="findbabystepvalue" classname="PresetsetterTest" time="0.0"/>
  <system-out><![CDATA[]]></system-out>
  <system-err><![CDATA[]]></system-err>
</testsuite>
