<?xml version="1.0" encoding="UTF-8"?>
<testsuite name="BabyclockTest" tests="5" skipped="0" failures="0" errors="0" timestamp="2016-07-27T15:03:01" hostname="Yulian-PC" time="45.507">
  <properties/>
  <testcase name="timetest1" classname="BabyclockTest" time="5.104"/>
  <testcase name="timetest2" classname="BabyclockTest" time="21.1"/>
  <testcase name="restarttest" classname="BabyclockTest" time="9.301"/>
  <testcase name="stoptest" classname="BabyclockTest" time="6.0"/>
  <testcase name="resettest" classname="BabyclockTest" time="4.001"/>
  <system-out><![CDATA[]]></system-out>
  <system-err><![CDATA[]]></system-err>
</testsuite>
